1658314651979	geckodriver	INFO	Listening on 127.0.0.1:60697
1658314654999	mozrunner::runner	INFO	Running command: "C:\\Program Files\\Mozilla Firefox\\firefox.exe" "--marionette" "-no-remote" "-profile" "C:\\Users\\SVCFOC~1\\AppData\\Local\\Temp\\rust_mozprofileuUbk57"
1658314656097	Marionette	INFO	Marionette enabled
1658314656106	Marionette	INFO	Listening on port 60705
1658314656420	RemoteAgent	WARN	TLS certificate errors will be ignored for this session
console.warn: SearchSettings: "get: No settings file exists, new profile?" (new NotFoundError("Could not open the file at C:\\Users\\SVCFOC~1\\AppData\\Local\\Temp\\rust_mozprofileuUbk57\\search.json.mozlz4", (void 0)))
console.warn: LoginRecipes: "getRecipes: falling back to a synchronous message for:" "http://na1devfocxbx17.dev.tibco.com:12500"
JavaScript error: resource://gre/modules/LoginManagerParent.jsm, line 136: TypeError: gRecipeManager is null
JavaScript warning: http://na1devfocxbx17.dev.tibco.com:12500/ibi_apps/home, line 3048: unreachable code after return statement
JavaScript warning: http://na1devfocxbx17.dev.tibco.com:12500/ibi_apps/workspaces, line 3048: unreachable code after return statement
JavaScript warning: http://na1devfocxbx17.dev.tibco.com:12500/ibi_apps/portal/P215_S33107/G880402/C9958984, line 664: unreachable code after return statement
JavaScript warning: http://na1devfocxbx17.dev.tibco.com:12500/ibi_apps/portal/P215_S33107/G880402/C9958984, line 723: unreachable code after return statement
JavaScript warning: http://na1devfocxbx17.dev.tibco.com:12500/ibi_apps/portal/P215_S33107/G880402/C9958984, line 727: unreachable code after return statement
JavaScript warning: http://na1devfocxbx17.dev.tibco.com:12500/ibi_apps/portal/P215_S33107/G880402/C9958984, line 943: unreachable code after return statement
console.warn: LoginRecipes: "getRecipes: falling back to a synchronous message for:" "http://na1devfocxbx17.dev.tibco.com:12500"
JavaScript error: resource://gre/modules/LoginManagerParent.jsm, line 136: TypeError: gRecipeManager is null
console.warn: LoginRecipes: "getRecipes: falling back to a synchronous message for:" "http://na1devfocxbx17.dev.tibco.com:12500"
JavaScript error: resource://gre/modules/LoginManagerParent.jsm, line 136: TypeError: gRecipeManager is null
console.warn: LoginRecipes: "getRecipes: falling back to a synchronous message for:" "http://na1devfocxbx17.dev.tibco.com:12500"
JavaScript error: resource://gre/modules/LoginManagerParent.jsm, line 136: TypeError: gRecipeManager is null
console.warn: LoginRecipes: "getRecipes: falling back to a synchronous message for:" "http://na1devfocxbx17.dev.tibco.com:12500"
JavaScript error: resource://gre/modules/LoginManagerParent.jsm, line 136: TypeError: gRecipeManager is null
console.warn: LoginRecipes: "getRecipes: falling back to a synchronous message for:" "http://na1devfocxbx17.dev.tibco.com:12500"
JavaScript error: resource://gre/modules/LoginManagerParent.jsm, line 136: TypeError: gRecipeManager is null
console.warn: LoginRecipes: "getRecipes: falling back to a synchronous message for:" "http://na1devfocxbx17.dev.tibco.com:12500"
JavaScript error: resource://gre/modules/LoginManagerParent.jsm, line 136: TypeError: gRecipeManager is null
console.warn: LoginRecipes: "getRecipes: falling back to a synchronous message for:" "http://na1devfocxbx17.dev.tibco.com:12500"
JavaScript error: resource://gre/modules/LoginManagerParent.jsm, line 136: TypeError: gRecipeManager is null
console.warn: LoginRecipes: "getRecipes: falling back to a synchronous message for:" "http://na1devfocxbx17.dev.tibco.com:12500"
JavaScript error: resource://gre/modules/LoginManagerParent.jsm, line 136: TypeError: gRecipeManager is null
console.warn: LoginRecipes: "getRecipes: falling back to a synchronous message for:" "http://na1devfocxbx17.dev.tibco.com:12500"
JavaScript error: resource://gre/modules/LoginManagerParent.jsm, line 136: TypeError: gRecipeManager is null
console.warn: LoginRecipes: "getRecipes: falling back to a synchronous message for:" "http://na1devfocxbx17.dev.tibco.com:12500"
JavaScript error: resource://gre/modules/LoginManagerParent.jsm, line 136: TypeError: gRecipeManager is null
console.warn: LoginRecipes: "getRecipes: falling back to a synchronous message for:" "http://na1devfocxbx17.dev.tibco.com:12500"
JavaScript error: resource://gre/modules/LoginManagerParent.jsm, line 136: TypeError: gRecipeManager is null
console.warn: LoginRecipes: "getRecipes: falling back to a synchronous message for:" "http://na1devfocxbx17.dev.tibco.com:12500"
JavaScript error: resource://gre/modules/LoginManagerParent.jsm, line 136: TypeError: gRecipeManager is null
console.warn: LoginRecipes: "getRecipes: falling back to a synchronous message for:" "http://na1devfocxbx17.dev.tibco.com:12500"
JavaScript error: resource://gre/modules/LoginManagerParent.jsm, line 136: TypeError: gRecipeManager is null
console.warn: LoginRecipes: "getRecipes: falling back to a synchronous message for:" "http://na1devfocxbx17.dev.tibco.com:12500"
JavaScript error: resource://gre/modules/LoginManagerParent.jsm, line 136: TypeError: gRecipeManager is null
console.warn: LoginRecipes: "getRecipes: falling back to a synchronous message for:" "http://na1devfocxbx17.dev.tibco.com:12500"
JavaScript error: resource://gre/modules/LoginManagerParent.jsm, line 136: TypeError: gRecipeManager is null
console.warn: LoginRecipes: "getRecipes: falling back to a synchronous message for:" "http://na1devfocxbx17.dev.tibco.com:12500"
JavaScript error: resource://gre/modules/LoginManagerParent.jsm, line 136: TypeError: gRecipeManager is null
console.warn: LoginRecipes: "getRecipes: falling back to a synchronous message for:" "http://na1devfocxbx17.dev.tibco.com:12500"
JavaScript error: resource://gre/modules/LoginManagerParent.jsm, line 136: TypeError: gRecipeManager is null
console.warn: LoginRecipes: "getRecipes: falling back to a synchronous message for:" "http://na1devfocxbx17.dev.tibco.com:12500"
JavaScript error: resource://gre/modules/LoginManagerParent.jsm, line 136: TypeError: gRecipeManager is null
console.warn: LoginRecipes: "getRecipes: falling back to a synchronous message for:" "http://na1devfocxbx17.dev.tibco.com:12500"
JavaScript error: resource://gre/modules/LoginManagerParent.jsm, line 136: TypeError: gRecipeManager is null
console.warn: LoginRecipes: "getRecipes: falling back to a synchronous message for:" "http://na1devfocxbx17.dev.tibco.com:12500"
JavaScript error: resource://gre/modules/LoginManagerParent.jsm, line 136: TypeError: gRecipeManager is null
JavaScript error: , line 0: NS_ERROR_NOT_AVAILABLE
A content process crashed and MOZ_CRASHREPORTER_SHUTDOWN is set, shutting down
1658315500984	Marionette	INFO	Stopped listening on port 60705
1658315501258	geckodriver	INFO	Listening on 127.0.0.1:55559
1658315504261	mozrunner::runner	INFO	Running command: "C:\\Program Files\\Mozilla Firefox\\firefox.exe" "--marionette" "-no-remote" "-profile" "C:\\Users\\SVCFOC~1\\AppData\\Local\\Temp\\rust_mozprofilenNEn4O"
1658315504913	Marionette	INFO	Marionette enabled
1658315504919	Marionette	INFO	Listening on port 55567
1658315505458	RemoteAgent	WARN	TLS certificate errors will be ignored for this session
console.warn: SearchSettings: "get: No settings file exists, new profile?" (new NotFoundError("Could not open the file at C:\\Users\\SVCFOC~1\\AppData\\Local\\Temp\\rust_mozprofilenNEn4O\\search.json.mozlz4", (void 0)))
console.warn: LoginRecipes: "getRecipes: falling back to a synchronous message for:" "http://na1devfocxbx17.dev.tibco.com:12500"
JavaScript error: resource://gre/modules/LoginManagerParent.jsm, line 136: TypeError: gRecipeManager is null
JavaScript warning: http://na1devfocxbx17.dev.tibco.com:12500/ibi_apps/home, line 3048: unreachable code after return statement
JavaScript warning: http://na1devfocxbx17.dev.tibco.com:12500/ibi_apps/workspaces, line 3048: unreachable code after return statement
JavaScript warning: http://na1devfocxbx17.dev.tibco.com:12500/ibi_apps/portal/P215_S33107/G880402/C9958984, line 664: unreachable code after return statement
JavaScript warning: http://na1devfocxbx17.dev.tibco.com:12500/ibi_apps/portal/P215_S33107/G880402/C9958984, line 723: unreachable code after return statement
JavaScript warning: http://na1devfocxbx17.dev.tibco.com:12500/ibi_apps/portal/P215_S33107/G880402/C9958984, line 727: unreachable code after return statement
JavaScript warning: http://na1devfocxbx17.dev.tibco.com:12500/ibi_apps/portal/P215_S33107/G880402/C9958984, line 943: unreachable code after return statement
console.warn: LoginRecipes: "getRecipes: falling back to a synchronous message for:" "http://na1devfocxbx17.dev.tibco.com:12500"
JavaScript error: resource://gre/modules/LoginManagerParent.jsm, line 136: TypeError: gRecipeManager is null
console.warn: LoginRecipes: "getRecipes: falling back to a synchronous message for:" "http://na1devfocxbx17.dev.tibco.com:12500"
JavaScript error: resource://gre/modules/LoginManagerParent.jsm, line 136: TypeError: gRecipeManager is null
console.warn: LoginRecipes: "getRecipes: falling back to a synchronous message for:" "http://na1devfocxbx17.dev.tibco.com:12500"
JavaScript error: resource://gre/modules/LoginManagerParent.jsm, line 136: TypeError: gRecipeManager is null
console.warn: LoginRecipes: "getRecipes: falling back to a synchronous message for:" "http://na1devfocxbx17.dev.tibco.com:12500"
JavaScript error: resource://gre/modules/LoginManagerParent.jsm, line 136: TypeError: gRecipeManager is null
console.warn: LoginRecipes: "getRecipes: falling back to a synchronous message for:" "http://na1devfocxbx17.dev.tibco.com:12500"
JavaScript error: resource://gre/modules/LoginManagerParent.jsm, line 136: TypeError: gRecipeManager is null
console.warn: LoginRecipes: "getRecipes: falling back to a synchronous message for:" "http://na1devfocxbx17.dev.tibco.com:12500"
JavaScript error: resource://gre/modules/LoginManagerParent.jsm, line 136: TypeError: gRecipeManager is null
console.warn: LoginRecipes: "getRecipes: falling back to a synchronous message for:" "http://na1devfocxbx17.dev.tibco.com:12500"
JavaScript error: resource://gre/modules/LoginManagerParent.jsm, line 136: TypeError: gRecipeManager is null
console.warn: LoginRecipes: "getRecipes: falling back to a synchronous message for:" "http://na1devfocxbx17.dev.tibco.com:12500"
JavaScript error: resource://gre/modules/LoginManagerParent.jsm, line 136: TypeError: gRecipeManager is null
console.warn: LoginRecipes: "getRecipes: falling back to a synchronous message for:" "http://na1devfocxbx17.dev.tibco.com:12500"
JavaScript error: resource://gre/modules/LoginManagerParent.jsm, line 136: TypeError: gRecipeManager is null
console.warn: LoginRecipes: "getRecipes: falling back to a synchronous message for:" "http://na1devfocxbx17.dev.tibco.com:12500"
JavaScript error: resource://gre/modules/LoginManagerParent.jsm, line 136: TypeError: gRecipeManager is null
console.warn: LoginRecipes: "getRecipes: falling back to a synchronous message for:" "http://na1devfocxbx17.dev.tibco.com:12500"
JavaScript error: resource://gre/modules/LoginManagerParent.jsm, line 136: TypeError: gRecipeManager is null
console.warn: LoginRecipes: "getRecipes: falling back to a synchronous message for:" "http://na1devfocxbx17.dev.tibco.com:12500"
JavaScript error: resource://gre/modules/LoginManagerParent.jsm, line 136: TypeError: gRecipeManager is null
console.warn: LoginRecipes: "getRecipes: falling back to a synchronous message for:" "http://na1devfocxbx17.dev.tibco.com:12500"
JavaScript error: resource://gre/modules/LoginManagerParent.jsm, line 136: TypeError: gRecipeManager is null
console.warn: LoginRecipes: "getRecipes: falling back to a synchronous message for:" "http://na1devfocxbx17.dev.tibco.com:12500"
JavaScript error: resource://gre/modules/LoginManagerParent.jsm, line 136: TypeError: gRecipeManager is null
console.warn: LoginRecipes: "getRecipes: falling back to a synchronous message for:" "http://na1devfocxbx17.dev.tibco.com:12500"
JavaScript error: resource://gre/modules/LoginManagerParent.jsm, line 136: TypeError: gRecipeManager is null
console.warn: LoginRecipes: "getRecipes: falling back to a synchronous message for:" "http://na1devfocxbx17.dev.tibco.com:12500"
JavaScript error: resource://gre/modules/LoginManagerParent.jsm, line 136: TypeError: gRecipeManager is null
console.warn: LoginRecipes: "getRecipes: falling back to a synchronous message for:" "http://na1devfocxbx17.dev.tibco.com:12500"
JavaScript error: resource://gre/modules/LoginManagerParent.jsm, line 136: TypeError: gRecipeManager is null
console.warn: LoginRecipes: "getRecipes: falling back to a synchronous message for:" "http://na1devfocxbx17.dev.tibco.com:12500"
JavaScript error: resource://gre/modules/LoginManagerParent.jsm, line 136: TypeError: gRecipeManager is null
console.warn: LoginRecipes: "getRecipes: falling back to a synchronous message for:" "http://na1devfocxbx17.dev.tibco.com:12500"
JavaScript error: resource://gre/modules/LoginManagerParent.jsm, line 136: TypeError: gRecipeManager is null
console.warn: LoginRecipes: "getRecipes: falling back to a synchronous message for:" "http://na1devfocxbx17.dev.tibco.com:12500"
JavaScript error: resource://gre/modules/LoginManagerParent.jsm, line 136: TypeError: gRecipeManager is null
1658315708052	geckodriver	INFO	Listening on 127.0.0.1:55642
1658315711075	mozrunner::runner	INFO	Running command: "C:\\Program Files\\Mozilla Firefox\\firefox.exe" "--marionette" "-no-remote" "-profile" "C:\\Users\\SVCFOC~1\\AppData\\Local\\Temp\\rust_mozprofilenN3U05"
1658315711700	Marionette	INFO	Marionette enabled
1658315711706	Marionette	INFO	Listening on port 55650
1658315712225	RemoteAgent	WARN	TLS certificate errors will be ignored for this session
console.warn: SearchSettings: "get: No settings file exists, new profile?" (new NotFoundError("Could not open the file at C:\\Users\\SVCFOC~1\\AppData\\Local\\Temp\\rust_mozprofilenN3U05\\search.json.mozlz4", (void 0)))
console.warn: LoginRecipes: "getRecipes: falling back to a synchronous message for:" "http://na1devfocxbx17.dev.tibco.com:12500"
JavaScript error: resource://gre/modules/LoginManagerParent.jsm, line 136: TypeError: gRecipeManager is null
JavaScript warning: http://na1devfocxbx17.dev.tibco.com:12500/ibi_apps/home, line 3048: unreachable code after return statement
JavaScript warning: http://na1devfocxbx17.dev.tibco.com:12500/ibi_apps/workspaces, line 3048: unreachable code after return statement
A content process crashed and MOZ_CRASHREPORTER_SHUTDOWN is set, shutting down
[GFX1-]: RenderCompositorSWGL failed mapping default framebuffer, no dt
JavaScript error: resource:///modules/sessionstore/SessionStore.jsm, line 2123: TypeError: subject.QueryInterface is not a function
JavaScript error: resource:///modules/sessionstore/SessionStore.jsm, line 2123: TypeError: subject.QueryInterface is not a function
JavaScript error: resource:///modules/sessionstore/SessionStore.jsm, line 2123: TypeError: subject.QueryInterface is not a function
JavaScript error: resource:///modules/sessionstore/SessionStore.jsm, line 2123: TypeError: subject.QueryInterface is not a function
JavaScript error: resource:///modules/sessionstore/SessionStore.jsm, line 2123: TypeError: subject.QueryInterface is not a function
A content process crashed and MOZ_CRASHREPORTER_SHUTDOWN is set, shutting down
1658315848816	Marionette	INFO	Stopped listening on port 55650
[Parent 6716, IPC I/O Parent] WARNING: file /builds/worker/checkouts/gecko/ipc/chromium/src/base/process_util_win.cc:167
1658315848955	geckodriver	INFO	Listening on 127.0.0.1:55716
1658315851991	mozrunner::runner	INFO	Running command: "C:\\Program Files\\Mozilla Firefox\\firefox.exe" "--marionette" "-no-remote" "-profile" "C:\\Users\\SVCFOC~1\\AppData\\Local\\Temp\\rust_mozprofileIAaNyd"
1658315852571	Marionette	INFO	Marionette enabled
1658315852577	Marionette	INFO	Listening on port 55724
1658315853262	RemoteAgent	WARN	TLS certificate errors will be ignored for this session
console.warn: SearchSettings: "get: No settings file exists, new profile?" (new NotFoundError("Could not open the file at C:\\Users\\SVCFOC~1\\AppData\\Local\\Temp\\rust_mozprofileIAaNyd\\search.json.mozlz4", (void 0)))
console.warn: LoginRecipes: "getRecipes: falling back to a synchronous message for:" "http://na1devfocxbx17.dev.tibco.com:12500"
JavaScript error: resource://gre/modules/LoginManagerParent.jsm, line 136: TypeError: gRecipeManager is null
JavaScript warning: http://na1devfocxbx17.dev.tibco.com:12500/ibi_apps/home, line 3048: unreachable code after return statement
JavaScript warning: http://na1devfocxbx17.dev.tibco.com:12500/ibi_apps/workspaces, line 3048: unreachable code after return statement
JavaScript warning: http://na1devfocxbx17.dev.tibco.com:12500/ibi_apps/portal/P215_S33107/G880402/C9958984, line 664: unreachable code after return statement
JavaScript warning: http://na1devfocxbx17.dev.tibco.com:12500/ibi_apps/portal/P215_S33107/G880402/C9958984, line 723: unreachable code after return statement
JavaScript warning: http://na1devfocxbx17.dev.tibco.com:12500/ibi_apps/portal/P215_S33107/G880402/C9958984, line 727: unreachable code after return statement
JavaScript warning: http://na1devfocxbx17.dev.tibco.com:12500/ibi_apps/portal/P215_S33107/G880402/C9958984, line 943: unreachable code after return statement
console.warn: LoginRecipes: "getRecipes: falling back to a synchronous message for:" "http://na1devfocxbx17.dev.tibco.com:12500"
JavaScript error: resource://gre/modules/LoginManagerParent.jsm, line 136: TypeError: gRecipeManager is null
console.warn: LoginRecipes: "getRecipes: falling back to a synchronous message for:" "http://na1devfocxbx17.dev.tibco.com:12500"
JavaScript error: resource://gre/modules/LoginManagerParent.jsm, line 136: TypeError: gRecipeManager is null
console.warn: LoginRecipes: "getRecipes: falling back to a synchronous message for:" "http://na1devfocxbx17.dev.tibco.com:12500"
JavaScript error: resource://gre/modules/LoginManagerParent.jsm, line 136: TypeError: gRecipeManager is null
console.warn: LoginRecipes: "getRecipes: falling back to a synchronous message for:" "http://na1devfocxbx17.dev.tibco.com:12500"
JavaScript error: resource://gre/modules/LoginManagerParent.jsm, line 136: TypeError: gRecipeManager is null
console.warn: LoginRecipes: "getRecipes: falling back to a synchronous message for:" "http://na1devfocxbx17.dev.tibco.com:12500"
JavaScript error: resource://gre/modules/LoginManagerParent.jsm, line 136: TypeError: gRecipeManager is null
console.warn: LoginRecipes: "getRecipes: falling back to a synchronous message for:" "http://na1devfocxbx17.dev.tibco.com:12500"
JavaScript error: resource://gre/modules/LoginManagerParent.jsm, line 136: TypeError: gRecipeManager is null
console.warn: LoginRecipes: "getRecipes: falling back to a synchronous message for:" "http://na1devfocxbx17.dev.tibco.com:12500"
JavaScript error: resource://gre/modules/LoginManagerParent.jsm, line 136: TypeError: gRecipeManager is null
console.warn: LoginRecipes: "getRecipes: falling back to a synchronous message for:" "http://na1devfocxbx17.dev.tibco.com:12500"
JavaScript error: resource://gre/modules/LoginManagerParent.jsm, line 136: TypeError: gRecipeManager is null
console.warn: LoginRecipes: "getRecipes: falling back to a synchronous message for:" "http://na1devfocxbx17.dev.tibco.com:12500"
JavaScript error: resource://gre/modules/LoginManagerParent.jsm, line 136: TypeError: gRecipeManager is null
console.warn: LoginRecipes: "getRecipes: falling back to a synchronous message for:" "http://na1devfocxbx17.dev.tibco.com:12500"
JavaScript error: resource://gre/modules/LoginManagerParent.jsm, line 136: TypeError: gRecipeManager is null
console.warn: LoginRecipes: "getRecipes: falling back to a synchronous message for:" "http://na1devfocxbx17.dev.tibco.com:12500"
JavaScript error: resource://gre/modules/LoginManagerParent.jsm, line 136: TypeError: gRecipeManager is null
console.warn: LoginRecipes: "getRecipes: falling back to a synchronous message for:" "http://na1devfocxbx17.dev.tibco.com:12500"
JavaScript error: resource://gre/modules/LoginManagerParent.jsm, line 136: TypeError: gRecipeManager is null
console.warn: LoginRecipes: "getRecipes: falling back to a synchronous message for:" "http://na1devfocxbx17.dev.tibco.com:12500"
JavaScript error: resource://gre/modules/LoginManagerParent.jsm, line 136: TypeError: gRecipeManager is null
console.warn: LoginRecipes: "getRecipes: falling back to a synchronous message for:" "http://na1devfocxbx17.dev.tibco.com:12500"
JavaScript error: resource://gre/modules/LoginManagerParent.jsm, line 136: TypeError: gRecipeManager is null
console.warn: LoginRecipes: "getRecipes: falling back to a synchronous message for:" "http://na1devfocxbx17.dev.tibco.com:12500"
JavaScript error: resource://gre/modules/LoginManagerParent.jsm, line 136: TypeError: gRecipeManager is null
console.warn: LoginRecipes: "getRecipes: falling back to a synchronous message for:" "http://na1devfocxbx17.dev.tibco.com:12500"
JavaScript error: resource://gre/modules/LoginManagerParent.jsm, line 136: TypeError: gRecipeManager is null
console.warn: LoginRecipes: "getRecipes: falling back to a synchronous message for:" "http://na1devfocxbx17.dev.tibco.com:12500"
JavaScript error: resource://gre/modules/LoginManagerParent.jsm, line 136: TypeError: gRecipeManager is null
console.warn: LoginRecipes: "getRecipes: falling back to a synchronous message for:" "http://na1devfocxbx17.dev.tibco.com:12500"
JavaScript error: resource://gre/modules/LoginManagerParent.jsm, line 136: TypeError: gRecipeManager is null
console.warn: LoginRecipes: "getRecipes: falling back to a synchronous message for:" "http://na1devfocxbx17.dev.tibco.com:12500"
JavaScript error: resource://gre/modules/LoginManagerParent.jsm, line 136: TypeError: gRecipeManager is null
console.warn: LoginRecipes: "getRecipes: falling back to a synchronous message for:" "http://na1devfocxbx17.dev.tibco.com:12500"
JavaScript error: resource://gre/modules/LoginManagerParent.jsm, line 136: TypeError: gRecipeManager is null
A content process crashed and MOZ_CRASHREPORTER_SHUTDOWN is set, shutting down
1658745117013	geckodriver	INFO	Listening on 127.0.0.1:55603
1658745120045	mozrunner::runner	INFO	Running command: "C:\\Program Files\\Mozilla Firefox\\firefox.exe" "--marionette" "-no-remote" "-profile" "C:\\Users\\SVCFOC~1\\AppData\\Local\\Temp\\rust_mozprofilejjaCxR"
1658745120694	Marionette	INFO	Marionette enabled
1658745120700	Marionette	INFO	Listening on port 55611
1658745121182	RemoteAgent	WARN	TLS certificate errors will be ignored for this session
console.warn: SearchSettings: "get: No settings file exists, new profile?" (new NotFoundError("Could not open the file at C:\\Users\\SVCFOC~1\\AppData\\Local\\Temp\\rust_mozprofilejjaCxR\\search.json.mozlz4", (void 0)))
1658745131025	Marionette	WARN	TimedPromise timed out after 500 ms: stacktrace:
TimedPromise/<@chrome://remote/content/marionette/sync.js:234:19
TimedPromise@chrome://remote/content/marionette/sync.js:219:10
interaction.flushEventLoop@chrome://remote/content/marionette/interaction.js:431:10
webdriverClickElement@chrome://remote/content/marionette/interaction.js:179:31
console.warn: LoginRecipes: "getRecipes: falling back to a synchronous message for:" "http://na1devfocxbx17.dev.tibco.com:50764"
JavaScript error: resource://gre/modules/LoginManagerParent.jsm, line 136: TypeError: gRecipeManager is null
JavaScript warning: http://na1devfocxbx17.dev.tibco.com:50764/ibi_apps/welcome, line 3048: unreachable code after return statement
1658745161714	Marionette	INFO	Stopped listening on port 55611
